3.8583 	WARNING 	Font Manager failed to load file C:\Windows\Fonts\方正粗黑宋简体.ttf
3.8652 	WARNING 	Font Manager failed to load file C:\Users\HP\AppData\Local\Microsoft\Windows\Fonts\一定一定要先安装我再打开模板.TTF
3.8691 	WARNING 	Font Manager failed to load file C:\WINDOWS\Fonts\方正粗黑宋简体.ttf
4.0377 	WARNING 	Font Manager failed to load file C:\Windows\Fonts\方正粗黑宋简体.ttf
4.0442 	WARNING 	Font Manager failed to load file C:\Users\HP\AppData\Local\Microsoft\Windows\Fonts\一定一定要先安装我再打开模板.TTF
4.0477 	WARNING 	Font Manager failed to load file C:\WINDOWS\Fonts\方正粗黑宋简体.ttf
8.8491 	WARNING 	User requested fullscreen with size [1707 1067], but screen is actually [2880, 1800]. Using actual size
18.1494 	EXP 	Created window1 = Window(allowGUI=False, allowStencil=False, autoLog=True, backendConf=UNKNOWN, bitsMode=UNKNOWN, blendMode='avg', bpc=(8, 8, 8), color=array([0, 0, 0]), colorSpace='rgb', depthBits=8, fullscr=<method-wrapper '__getattribute__' of attributeSetter object at 0x000002351F6FDEF0>, gamma=None, gammaErrorPolicy='raise', lms=UNKNOWN, monitor=<psychopy.monitors.calibTools.Monitor object at 0x000002351F661400>, multiSample=False, name='window1', numSamples=2, pos=[0.0, 0.0], screen=0, size=array([2880, 1800]), stencilBits=0, stereo=False, units='height', useFBO=True, useRetina=False, viewOri=0.0, viewPos=None, viewScale=None, waitBlanking=True, winType='pyglet')
18.1501 	EXP 	window1: mouseVisible = True
18.1501 	EXP 	window1: recordFrameIntervals = False
18.2577 	EXP 	window1: recordFrameIntervals = True
18.4806 	EXP 	window1: recordFrameIntervals = False
19.4242 	EXP 	Created instru_text = TextStim(__class__=<class 'psychopy.visual.text.TextStim'>, alignHoriz=method-wrapper(...), alignText='center', alignVert=method-wrapper(...), anchorHoriz='center', anchorVert='center', antialias=True, autoLog=True, bold=False, color=array([1., 1., 1.]), colorSpace='rgb', contrast=1.0, depth=0.0, flipHoriz=False, flipVert=False, font='Open Sans', fontFiles=[], height=0.03, italic=False, languageStyle='LTR', name='instru_text', opacity=1, ori=0.0, pos=array([0., 0.]), rgb=UNKNOWN, text=str(...), units='height', win=Window(...), wrapWidth=1)
19.5157 	EXP 	Created block_instr_text = TextStim(__class__=<class 'psychopy.visual.text.TextStim'>, alignHoriz=method-wrapper(...), alignText='center', alignVert=method-wrapper(...), anchorHoriz='center', anchorVert='center', antialias=True, autoLog=True, bold=False, color=array([1., 1., 1.]), colorSpace='rgb', contrast=1.0, depth=0.0, flipHoriz=False, flipVert=False, font='Open Sans', fontFiles=[], height=0.1, italic=False, languageStyle='LTR', name='block_instr_text', opacity=1, ori=0.0, pos=array([0., 0.]), rgb=UNKNOWN, text='下面是另一位人物', units='height', win=Window(...), wrapWidth=1)
19.5176 	EXP 	Created fixation_text = TextStim(__class__=<class 'psychopy.visual.text.TextStim'>, alignHoriz=method-wrapper(...), alignText='center', alignVert=method-wrapper(...), anchorHoriz='center', anchorVert='center', antialias=True, autoLog=True, bold=False, color=array([1., 1., 1.]), colorSpace='rgb', contrast=1.0, depth=0.0, flipHoriz=False, flipVert=False, font='Open Sans', fontFiles=[], height=0.1, italic=False, languageStyle='LTR', name='fixation_text', opacity=1, ori=0.0, pos=array([0., 0.]), rgb=UNKNOWN, text='', units='height', win=Window(...), wrapWidth=1)
19.5322 	EXP 	Created img1_instr = TextStim(__class__=<class 'psychopy.visual.text.TextStim'>, alignHoriz=method-wrapper(...), alignText='center', alignVert=method-wrapper(...), anchorHoriz='center', anchorVert='center', antialias=True, autoLog=True, bold=False, color=array([1., 1., 1.]), colorSpace='rgb', contrast=1.0, depth=-1.0, flipHoriz=False, flipVert=False, font='Open Sans', fontFiles=[], height=0.03, italic=False, languageStyle='LTR', name='img1_instr', opacity=1, ori=0.0, pos=array([0., 0.]), rgb=UNKNOWN, text='你愿意与这位卖家进行交易吗？', units='height', win=Window(...), wrapWidth=1)
19.5478 	EXP 	Created image_t1 = ImageStim(__class__=<class 'psychopy.visual.image.ImageStim'>, autoLog=True, color=array([1., 1., 1.]), colorSpace='rgb', contrast=1.0, depth=-2.0, flipHoriz=False, flipVert=False, image='sin', interpolate=True, mask=None, maskParams=None, name='image_t1', opacity=1, ori=0.0, pos=array([0. , 0.1]), size=array([0.27, 0.37]), texRes=128.0, units='height', win=Window(...))
19.6244 	EXP 	Created slider_image = ImageStim(__class__=<class 'psychopy.visual.image.ImageStim'>, autoLog=True, color=array([1., 1., 1.]), colorSpace='rgb', contrast=1.0, depth=-4.0, flipHoriz=False, flipVert=False, image='slider.jpg', interpolate=True, mask=None, maskParams=None, name='slider_image', opacity=1, ori=0.0, pos=array([ 0.  , -0.37]), size=array([0.9, 0.1]), texRes=128.0, units='height', win=Window(...))
19.6370 	EXP 	Created img1_one = TextStim(__class__=<class 'psychopy.visual.text.TextStim'>, alignHoriz=method-wrapper(...), alignText='center', alignVert=method-wrapper(...), anchorHoriz='center', anchorVert='center', antialias=True, autoLog=True, bold=False, color=array([1., 1., 1.]), colorSpace='rgb', contrast=1.0, depth=-5.0, flipHoriz=False, flipVert=False, font='Open Sans', fontFiles=[], height=0.02, italic=False, languageStyle='LTR', name='img1_one', opacity=1, ori=0.0, pos=array([-0.45, -0.27]), rgb=UNKNOWN, text='非常不愿意', units='height', win=Window(...), wrapWidth=1)
19.6433 	EXP 	Created img1_three = TextStim(__class__=<class 'psychopy.visual.text.TextStim'>, alignHoriz=method-wrapper(...), alignText='center', alignVert=method-wrapper(...), anchorHoriz='center', anchorVert='center', antialias=True, autoLog=True, bold=False, color=array([1., 1., 1.]), colorSpace='rgb', contrast=1.0, depth=-6.0, flipHoriz=False, flipVert=False, font='Open Sans', fontFiles=[], height=0.02, italic=False, languageStyle='LTR', name='img1_three', opacity=1, ori=0.0, pos=array([-0.225, -0.27 ]), rgb=UNKNOWN, text='比较不愿意', units='height', win=Window(...), wrapWidth=1)
19.6481 	EXP 	Created img1_five = TextStim(__class__=<class 'psychopy.visual.text.TextStim'>, alignHoriz=method-wrapper(...), alignText='center', alignVert=method-wrapper(...), anchorHoriz='center', anchorVert='center', antialias=True, autoLog=True, bold=False, color=array([1., 1., 1.]), colorSpace='rgb', contrast=1.0, depth=-7.0, flipHoriz=False, flipVert=False, font='Open Sans', fontFiles=[], height=0.02, italic=False, languageStyle='LTR', name='img1_five', opacity=1, ori=0.0, pos=array([ 0.  , -0.27]), rgb=UNKNOWN, text='中立', units='height', win=Window(...), wrapWidth=1)
19.6502 	EXP 	Created img1_seven = TextStim(__class__=<class 'psychopy.visual.text.TextStim'>, alignHoriz=method-wrapper(...), alignText='center', alignVert=method-wrapper(...), anchorHoriz='center', anchorVert='center', antialias=True, autoLog=True, bold=False, color=array([1., 1., 1.]), colorSpace='rgb', contrast=1.0, depth=-8.0, flipHoriz=False, flipVert=False, font='Open Sans', fontFiles=[], height=0.02, italic=False, languageStyle='LTR', name='img1_seven', opacity=1, ori=0.0, pos=array([ 0.225, -0.27 ]), rgb=UNKNOWN, text='比较愿意', units='height', win=Window(...), wrapWidth=1)
19.6521 	EXP 	Created img1_nine = TextStim(__class__=<class 'psychopy.visual.text.TextStim'>, alignHoriz=method-wrapper(...), alignText='center', alignVert=method-wrapper(...), anchorHoriz='center', anchorVert='center', antialias=True, autoLog=True, bold=False, color=array([1., 1., 1.]), colorSpace='rgb', contrast=1.0, depth=-9.0, flipHoriz=False, flipVert=False, font='Open Sans', fontFiles=[], height=0.02, italic=False, languageStyle='LTR', name='img1_nine', opacity=1, ori=0.0, pos=array([ 0.45, -0.27]), rgb=UNKNOWN, text='非常愿意', units='height', win=Window(...), wrapWidth=1)
19.6531 	EXP 	Created fixation_text = TextStim(__class__=<class 'psychopy.visual.text.TextStim'>, alignHoriz=method-wrapper(...), alignText='center', alignVert=method-wrapper(...), anchorHoriz='center', anchorVert='center', antialias=True, autoLog=True, bold=False, color=array([1., 1., 1.]), colorSpace='rgb', contrast=1.0, depth=0.0, flipHoriz=False, flipVert=False, font='Open Sans', fontFiles=[], height=0.1, italic=False, languageStyle='LTR', name='fixation_text', opacity=1, ori=0.0, pos=array([0., 0.]), rgb=UNKNOWN, text='', units='height', win=Window(...), wrapWidth=1)
19.6858 	EXP 	Created confidence_T1_text = TextStim(__class__=<class 'psychopy.visual.text.TextStim'>, alignHoriz=method-wrapper(...), alignText='center', alignVert=method-wrapper(...), anchorHoriz='center', anchorVert='center', antialias=True, autoLog=True, bold=False, color=array([1., 1., 1.]), colorSpace='rgb', contrast=1.0, depth=0.0, flipHoriz=False, flipVert=False, font='Open Sans', fontFiles=[], height=0.1, italic=False, languageStyle='LTR', name='confidence_T1_text', opacity=1, ori=0.0, pos=array([0., 0.]), rgb=UNKNOWN, text='您对刚才的可信度评分有多确定？', units='height', win=Window(...), wrapWidth=1)
19.7111 	EXP 	Created slider_confidence_t1 = ImageStim(__class__=<class 'psychopy.visual.image.ImageStim'>, autoLog=True, color=array([1., 1., 1.]), colorSpace='rgb', contrast=1.0, depth=-2.0, flipHoriz=False, flipVert=False, image='slider.jpg', interpolate=True, mask=None, maskParams=None, name='slider_confidence_t1', opacity=1, ori=0.0, pos=array([ 0.  , -0.37]), size=array([0.9, 0.1]), texRes=128.0, units='height', win=Window(...))
19.7166 	EXP 	Created con1_one = TextStim(__class__=<class 'psychopy.visual.text.TextStim'>, alignHoriz=method-wrapper(...), alignText='center', alignVert=method-wrapper(...), anchorHoriz='center', anchorVert='center', antialias=True, autoLog=True, bold=False, color=array([1., 1., 1.]), colorSpace='rgb', contrast=1.0, depth=-4.0, flipHoriz=False, flipVert=False, font='Open Sans', fontFiles=[], height=0.02, italic=False, languageStyle='LTR', name='con1_one', opacity=1, ori=0.0, pos=array([-0.45, -0.27]), rgb=UNKNOWN, text='非常不确定', units='height', win=Window(...), wrapWidth=1)
19.7189 	EXP 	Created con1_three = TextStim(__class__=<class 'psychopy.visual.text.TextStim'>, alignHoriz=method-wrapper(...), alignText='center', alignVert=method-wrapper(...), anchorHoriz='center', anchorVert='center', antialias=True, autoLog=True, bold=False, color=array([1., 1., 1.]), colorSpace='rgb', contrast=1.0, depth=-5.0, flipHoriz=False, flipVert=False, font='Open Sans', fontFiles=[], height=0.02, italic=False, languageStyle='LTR', name='con1_three', opacity=1, ori=0.0, pos=array([-0.225, -0.27 ]), rgb=UNKNOWN, text='比较不确定', units='height', win=Window(...), wrapWidth=1)
19.7213 	EXP 	Created con1_five = TextStim(__class__=<class 'psychopy.visual.text.TextStim'>, alignHoriz=method-wrapper(...), alignText='center', alignVert=method-wrapper(...), anchorHoriz='center', anchorVert='center', antialias=True, autoLog=True, bold=False, color=array([1., 1., 1.]), colorSpace='rgb', contrast=1.0, depth=-6.0, flipHoriz=False, flipVert=False, font='Open Sans', fontFiles=[], height=0.02, italic=False, languageStyle='LTR', name='con1_five', opacity=1, ori=0.0, pos=array([ 0.  , -0.27]), rgb=UNKNOWN, text='中立', units='height', win=Window(...), wrapWidth=1)
19.7231 	EXP 	Created con1_seven = TextStim(__class__=<class 'psychopy.visual.text.TextStim'>, alignHoriz=method-wrapper(...), alignText='center', alignVert=method-wrapper(...), anchorHoriz='center', anchorVert='center', antialias=True, autoLog=True, bold=False, color=array([1., 1., 1.]), colorSpace='rgb', contrast=1.0, depth=-7.0, flipHoriz=False, flipVert=False, font='Open Sans', fontFiles=[], height=0.02, italic=False, languageStyle='LTR', name='con1_seven', opacity=1, ori=0.0, pos=array([ 0.225, -0.27 ]), rgb=UNKNOWN, text='比较确定', units='height', win=Window(...), wrapWidth=1)
19.7249 	EXP 	Created con1_nine = TextStim(__class__=<class 'psychopy.visual.text.TextStim'>, alignHoriz=method-wrapper(...), alignText='center', alignVert=method-wrapper(...), anchorHoriz='center', anchorVert='center', antialias=True, autoLog=True, bold=False, color=array([1., 1., 1.]), colorSpace='rgb', contrast=1.0, depth=-8.0, flipHoriz=False, flipVert=False, font='Open Sans', fontFiles=[], height=0.02, italic=False, languageStyle='LTR', name='con1_nine', opacity=1, ori=0.0, pos=array([ 0.45, -0.27]), rgb=UNKNOWN, text='非常确定', units='height', win=Window(...), wrapWidth=1)
19.7260 	EXP 	Created fixation_text = TextStim(__class__=<class 'psychopy.visual.text.TextStim'>, alignHoriz=method-wrapper(...), alignText='center', alignVert=method-wrapper(...), anchorHoriz='center', anchorVert='center', antialias=True, autoLog=True, bold=False, color=array([1., 1., 1.]), colorSpace='rgb', contrast=1.0, depth=0.0, flipHoriz=False, flipVert=False, font='Open Sans', fontFiles=[], height=0.1, italic=False, languageStyle='LTR', name='fixation_text', opacity=1, ori=0.0, pos=array([0., 0.]), rgb=UNKNOWN, text='', units='height', win=Window(...), wrapWidth=1)
19.7370 	EXP 	Created img2_instr = TextStim(__class__=<class 'psychopy.visual.text.TextStim'>, alignHoriz=method-wrapper(...), alignText='center', alignVert=method-wrapper(...), anchorHoriz='center', anchorVert='center', antialias=True, autoLog=True, bold=False, color=array([1., 1., 1.]), colorSpace='rgb', contrast=1.0, depth=-1.0, flipHoriz=False, flipVert=False, font='Open Sans', fontFiles=[], height=0.03, italic=False, languageStyle='LTR', name='img2_instr', opacity=1, ori=0.0, pos=array([0., 0.]), rgb=UNKNOWN, text='你愿意与这位卖家进行交易吗？', units='height', win=Window(...), wrapWidth=1)
19.7397 	EXP 	Created image_t2 = ImageStim(__class__=<class 'psychopy.visual.image.ImageStim'>, autoLog=True, color=array([1., 1., 1.]), colorSpace='rgb', contrast=1.0, depth=-2.0, flipHoriz=False, flipVert=False, image='sin', interpolate=True, mask=None, maskParams=None, name='image_t2', opacity=1, ori=0.0, pos=array([0. , 0.1]), size=array([0.27, 0.37]), texRes=128.0, units='height', win=Window(...))
19.7668 	EXP 	Created slider_image_t2 = ImageStim(__class__=<class 'psychopy.visual.image.ImageStim'>, autoLog=True, color=array([1., 1., 1.]), colorSpace='rgb', contrast=1.0, depth=-4.0, flipHoriz=False, flipVert=False, image='slider.jpg', interpolate=True, mask=None, maskParams=None, name='slider_image_t2', opacity=1, ori=0.0, pos=array([ 0.  , -0.37]), size=array([0.9, 0.1]), texRes=128.0, units='height', win=Window(...))
19.7693 	EXP 	Created img2_one = TextStim(__class__=<class 'psychopy.visual.text.TextStim'>, alignHoriz=method-wrapper(...), alignText='center', alignVert=method-wrapper(...), anchorHoriz='center', anchorVert='center', antialias=True, autoLog=True, bold=False, color=array([1., 1., 1.]), colorSpace='rgb', contrast=1.0, depth=-5.0, flipHoriz=False, flipVert=False, font='Open Sans', fontFiles=[], height=0.02, italic=False, languageStyle='LTR', name='img2_one', opacity=1, ori=0.0, pos=array([-0.45, -0.27]), rgb=UNKNOWN, text='非常不愿意', units='height', win=Window(...), wrapWidth=1)
19.7714 	EXP 	Created img2_three = TextStim(__class__=<class 'psychopy.visual.text.TextStim'>, alignHoriz=method-wrapper(...), alignText='center', alignVert=method-wrapper(...), anchorHoriz='center', anchorVert='center', antialias=True, autoLog=True, bold=False, color=array([1., 1., 1.]), colorSpace='rgb', contrast=1.0, depth=-6.0, flipHoriz=False, flipVert=False, font='Open Sans', fontFiles=[], height=0.02, italic=False, languageStyle='LTR', name='img2_three', opacity=1, ori=0.0, pos=array([-0.225, -0.27 ]), rgb=UNKNOWN, text='比较不愿意', units='height', win=Window(...), wrapWidth=1)
19.7741 	EXP 	Created img2_five = TextStim(__class__=<class 'psychopy.visual.text.TextStim'>, alignHoriz=method-wrapper(...), alignText='center', alignVert=method-wrapper(...), anchorHoriz='center', anchorVert='center', antialias=True, autoLog=True, bold=False, color=array([1., 1., 1.]), colorSpace='rgb', contrast=1.0, depth=-7.0, flipHoriz=False, flipVert=False, font='Open Sans', fontFiles=[], height=0.02, italic=False, languageStyle='LTR', name='img2_five', opacity=1, ori=0.0, pos=array([ 0.  , -0.27]), rgb=UNKNOWN, text='中立', units='height', win=Window(...), wrapWidth=1)
19.7762 	EXP 	Created img2_seven = TextStim(__class__=<class 'psychopy.visual.text.TextStim'>, alignHoriz=method-wrapper(...), alignText='center', alignVert=method-wrapper(...), anchorHoriz='center', anchorVert='center', antialias=True, autoLog=True, bold=False, color=array([1., 1., 1.]), colorSpace='rgb', contrast=1.0, depth=-8.0, flipHoriz=False, flipVert=False, font='Open Sans', fontFiles=[], height=0.02, italic=False, languageStyle='LTR', name='img2_seven', opacity=1, ori=0.0, pos=array([ 0.225, -0.27 ]), rgb=UNKNOWN, text='比较愿意', units='height', win=Window(...), wrapWidth=1)
19.7781 	EXP 	Created img2_nine = TextStim(__class__=<class 'psychopy.visual.text.TextStim'>, alignHoriz=method-wrapper(...), alignText='center', alignVert=method-wrapper(...), anchorHoriz='center', anchorVert='center', antialias=True, autoLog=True, bold=False, color=array([1., 1., 1.]), colorSpace='rgb', contrast=1.0, depth=-9.0, flipHoriz=False, flipVert=False, font='Open Sans', fontFiles=[], height=0.02, italic=False, languageStyle='LTR', name='img2_nine', opacity=1, ori=0.0, pos=array([ 0.45, -0.27]), rgb=UNKNOWN, text='非常愿意', units='height', win=Window(...), wrapWidth=1)
19.7791 	EXP 	Created fixation_text = TextStim(__class__=<class 'psychopy.visual.text.TextStim'>, alignHoriz=method-wrapper(...), alignText='center', alignVert=method-wrapper(...), anchorHoriz='center', anchorVert='center', antialias=True, autoLog=True, bold=False, color=array([1., 1., 1.]), colorSpace='rgb', contrast=1.0, depth=0.0, flipHoriz=False, flipVert=False, font='Open Sans', fontFiles=[], height=0.1, italic=False, languageStyle='LTR', name='fixation_text', opacity=1, ori=0.0, pos=array([0., 0.]), rgb=UNKNOWN, text='', units='height', win=Window(...), wrapWidth=1)
19.7983 	EXP 	Created confidence2_text = TextStim(__class__=<class 'psychopy.visual.text.TextStim'>, alignHoriz=method-wrapper(...), alignText='center', alignVert=method-wrapper(...), anchorHoriz='center', anchorVert='center', antialias=True, autoLog=True, bold=False, color=array([1., 1., 1.]), colorSpace='rgb', contrast=1.0, depth=0.0, flipHoriz=False, flipVert=False, font='Open Sans', fontFiles=[], height=0.1, italic=False, languageStyle='LTR', name='confidence2_text', opacity=1, ori=0.0, pos=array([0., 0.]), rgb=UNKNOWN, text='您对刚才的可信度评分有多确定？', units='height', win=Window(...), wrapWidth=1)
19.8216 	EXP 	Created slider_confidence_t2 = ImageStim(__class__=<class 'psychopy.visual.image.ImageStim'>, autoLog=True, color=array([1., 1., 1.]), colorSpace='rgb', contrast=1.0, depth=-2.0, flipHoriz=False, flipVert=False, image='slider.jpg', interpolate=True, mask=None, maskParams=None, name='slider_confidence_t2', opacity=1, ori=0.0, pos=array([ 0.  , -0.37]), size=array([0.9, 0.1]), texRes=128.0, units='height', win=Window(...))
19.8238 	EXP 	Created con2_one = TextStim(__class__=<class 'psychopy.visual.text.TextStim'>, alignHoriz=method-wrapper(...), alignText='center', alignVert=method-wrapper(...), anchorHoriz='center', anchorVert='center', antialias=True, autoLog=True, bold=False, color=array([1., 1., 1.]), colorSpace='rgb', contrast=1.0, depth=-4.0, flipHoriz=False, flipVert=False, font='Open Sans', fontFiles=[], height=0.02, italic=False, languageStyle='LTR', name='con2_one', opacity=1, ori=0.0, pos=array([-0.45, -0.27]), rgb=UNKNOWN, text='非常不确定', units='height', win=Window(...), wrapWidth=1)
19.8257 	EXP 	Created con2_three = TextStim(__class__=<class 'psychopy.visual.text.TextStim'>, alignHoriz=method-wrapper(...), alignText='center', alignVert=method-wrapper(...), anchorHoriz='center', anchorVert='center', antialias=True, autoLog=True, bold=False, color=array([1., 1., 1.]), colorSpace='rgb', contrast=1.0, depth=-5.0, flipHoriz=False, flipVert=False, font='Open Sans', fontFiles=[], height=0.02, italic=False, languageStyle='LTR', name='con2_three', opacity=1, ori=0.0, pos=array([-0.225, -0.27 ]), rgb=UNKNOWN, text='比较不确定', units='height', win=Window(...), wrapWidth=1)
19.8274 	EXP 	Created con2_five = TextStim(__class__=<class 'psychopy.visual.text.TextStim'>, alignHoriz=method-wrapper(...), alignText='center', alignVert=method-wrapper(...), anchorHoriz='center', anchorVert='center', antialias=True, autoLog=True, bold=False, color=array([1., 1., 1.]), colorSpace='rgb', contrast=1.0, depth=-6.0, flipHoriz=False, flipVert=False, font='Open Sans', fontFiles=[], height=0.02, italic=False, languageStyle='LTR', name='con2_five', opacity=1, ori=0.0, pos=array([ 0.  , -0.27]), rgb=UNKNOWN, text='中立', units='height', win=Window(...), wrapWidth=1)
19.8292 	EXP 	Created con2_seven = TextStim(__class__=<class 'psychopy.visual.text.TextStim'>, alignHoriz=method-wrapper(...), alignText='center', alignVert=method-wrapper(...), anchorHoriz='center', anchorVert='center', antialias=True, autoLog=True, bold=False, color=array([1., 1., 1.]), colorSpace='rgb', contrast=1.0, depth=-7.0, flipHoriz=False, flipVert=False, font='Open Sans', fontFiles=[], height=0.02, italic=False, languageStyle='LTR', name='con2_seven', opacity=1, ori=0.0, pos=array([ 0.225, -0.27 ]), rgb=UNKNOWN, text='比较确定', units='height', win=Window(...), wrapWidth=1)
19.8310 	EXP 	Created con2_nine = TextStim(__class__=<class 'psychopy.visual.text.TextStim'>, alignHoriz=method-wrapper(...), alignText='center', alignVert=method-wrapper(...), anchorHoriz='center', anchorVert='center', antialias=True, autoLog=True, bold=False, color=array([1., 1., 1.]), colorSpace='rgb', contrast=1.0, depth=-8.0, flipHoriz=False, flipVert=False, font='Open Sans', fontFiles=[], height=0.02, italic=False, languageStyle='LTR', name='con2_nine', opacity=1, ori=0.0, pos=array([ 0.45, -0.27]), rgb=UNKNOWN, text='非常确定', units='height', win=Window(...), wrapWidth=1)
19.8697 	EXP 	Created end_text = TextStim(__class__=<class 'psychopy.visual.text.TextStim'>, alignHoriz=method-wrapper(...), alignText='center', alignVert=method-wrapper(...), anchorHoriz='center', anchorVert='center', antialias=True, autoLog=True, bold=False, color=array([1., 1., 1.]), colorSpace='rgb', contrast=1.0, depth=0.0, flipHoriz=False, flipVert=False, font='Open Sans', fontFiles=[], height=0.1, italic=False, languageStyle='LTR', name='end_text', opacity=1, ori=0.0, pos=array([0., 0.]), rgb=UNKNOWN, text='感谢您参与本次研究！请按空格键退出。', units='height', win=Window(...), wrapWidth=1)
19.9069 	EXP 	instru_text: autoDraw = True
24.9836 	DATA 	Keypress: space
25.0088 	EXP 	Imported data\temp_trials_1.csv as conditions, 20 conditions, 6 params
25.0110 	EXP 	Created sequence: random, trialTypes=20, nReps=1, seed=None
25.0112 	EXP 	New trial (rep=0, index=0): OrderedDict([('condition', 1), ('gender', 'female'), ('high_trust_img', 'stimuli/1-2-3.jpg'), ('identity', 2), ('low_trust_img', 'stimuli/1-2-9.jpg'), ('range', 1.6875)])
25.0195 	EXP 	instru_text: autoDraw = False
25.0195 	EXP 	block_instr_text: autoDraw = True
26.5825 	DATA 	Keypress: space
26.5991 	EXP 	block_instr_text: autoDraw = False
26.5991 	EXP 	fixation_text: autoDraw = True
27.6288 	EXP 	fixation_text: autoDraw = False
27.6288 	EXP 	fixation_text: autoDraw = False
27.6288 	EXP 	image_t1: image = 'stimuli/1-2-3.jpg'
27.6288 	EXP 	img1_instr: autoDraw = True
27.6288 	EXP 	image_t1: autoDraw = True
27.6288 	EXP 	slider_image: autoDraw = True
27.6288 	EXP 	img1_one: autoDraw = True
27.6288 	EXP 	img1_three: autoDraw = True
27.6288 	EXP 	img1_five: autoDraw = True
27.6288 	EXP 	img1_seven: autoDraw = True
27.6288 	EXP 	img1_nine: autoDraw = True
30.0835 	DATA 	Keypress: space
31.1900 	DATA 	Keypress: 2
31.2057 	EXP 	img1_instr: autoDraw = False
31.2057 	EXP 	image_t1: autoDraw = False
31.2057 	EXP 	slider_image: autoDraw = False
31.2057 	EXP 	img1_one: autoDraw = False
31.2057 	EXP 	img1_three: autoDraw = False
31.2057 	EXP 	img1_five: autoDraw = False
31.2057 	EXP 	img1_seven: autoDraw = False
31.2057 	EXP 	img1_nine: autoDraw = False
31.2057 	EXP 	fixation_text: autoDraw = True
32.2153 	EXP 	fixation_text: autoDraw = False
32.2153 	EXP 	fixation_text: autoDraw = False
32.2153 	EXP 	confidence_T1_text: autoDraw = True
32.2153 	EXP 	slider_confidence_t1: autoDraw = True
32.2153 	EXP 	con1_one: autoDraw = True
32.2153 	EXP 	con1_three: autoDraw = True
32.2153 	EXP 	con1_five: autoDraw = True
32.2153 	EXP 	con1_seven: autoDraw = True
32.2153 	EXP 	con1_nine: autoDraw = True
33.7214 	DATA 	Keypress: 2
33.7256 	EXP 	confidence_T1_text: autoDraw = False
33.7256 	EXP 	slider_confidence_t1: autoDraw = False
33.7256 	EXP 	con1_one: autoDraw = False
33.7256 	EXP 	con1_three: autoDraw = False
33.7256 	EXP 	con1_five: autoDraw = False
33.7256 	EXP 	con1_seven: autoDraw = False
33.7256 	EXP 	con1_nine: autoDraw = False
33.7256 	EXP 	fixation_text: autoDraw = True
34.7402 	EXP 	fixation_text: autoDraw = False
34.7402 	EXP 	image_t2: image = 'stimuli/1-2-9.jpg'
34.7402 	EXP 	img2_instr: autoDraw = True
34.7402 	EXP 	image_t2: autoDraw = True
34.7402 	EXP 	slider_image_t2: autoDraw = True
34.7402 	EXP 	img2_one: autoDraw = True
34.7402 	EXP 	img2_three: autoDraw = True
34.7402 	EXP 	img2_five: autoDraw = True
34.7402 	EXP 	img2_seven: autoDraw = True
34.7402 	EXP 	img2_nine: autoDraw = True
36.2069 	DATA 	Keypress: 3
36.2222 	EXP 	img2_instr: autoDraw = False
36.2222 	EXP 	image_t2: autoDraw = False
36.2222 	EXP 	slider_image_t2: autoDraw = False
36.2222 	EXP 	img2_one: autoDraw = False
36.2222 	EXP 	img2_three: autoDraw = False
36.2222 	EXP 	img2_five: autoDraw = False
36.2222 	EXP 	img2_seven: autoDraw = False
36.2222 	EXP 	img2_nine: autoDraw = False
36.2222 	EXP 	fixation_text: autoDraw = True
37.2343 	EXP 	fixation_text: autoDraw = False
37.2343 	EXP 	confidence2_text: autoDraw = True
37.2343 	EXP 	slider_confidence_t2: autoDraw = True
37.2343 	EXP 	con2_one: autoDraw = True
37.2343 	EXP 	con2_three: autoDraw = True
37.2343 	EXP 	con2_five: autoDraw = True
37.2343 	EXP 	con2_seven: autoDraw = True
37.2343 	EXP 	con2_nine: autoDraw = True
38.5649 	DATA 	Keypress: 3
38.5749 	EXP 	New trial (rep=0, index=1): OrderedDict([('condition', 2), ('gender', 'male'), ('high_trust_img', 'stimuli/0-15-4.jpg'), ('identity', 15), ('low_trust_img', 'stimuli/0-15-18.jpg'), ('range', 1.1875)])
38.5821 	EXP 	confidence2_text: autoDraw = False
38.5821 	EXP 	slider_confidence_t2: autoDraw = False
38.5821 	EXP 	con2_one: autoDraw = False
38.5821 	EXP 	con2_three: autoDraw = False
38.5821 	EXP 	con2_five: autoDraw = False
38.5821 	EXP 	con2_seven: autoDraw = False
38.5821 	EXP 	con2_nine: autoDraw = False
38.5821 	EXP 	block_instr_text: autoDraw = True
42.7037 	DATA 	Keypress: space
42.7213 	EXP 	block_instr_text: autoDraw = False
42.7213 	EXP 	fixation_text: autoDraw = True
43.7315 	EXP 	fixation_text: autoDraw = False
43.7315 	EXP 	fixation_text: autoDraw = False
43.7315 	EXP 	image_t1: image = 'stimuli/0-15-18.jpg'
43.7315 	EXP 	img1_instr: autoDraw = True
43.7315 	EXP 	image_t1: autoDraw = True
43.7315 	EXP 	slider_image: autoDraw = True
43.7315 	EXP 	img1_one: autoDraw = True
43.7315 	EXP 	img1_three: autoDraw = True
43.7315 	EXP 	img1_five: autoDraw = True
43.7315 	EXP 	img1_seven: autoDraw = True
43.7315 	EXP 	img1_nine: autoDraw = True
44.2755 	DATA 	Keypress: escape
45.6809 	DATA 	Mouse: Left button down, pos=(1033,627)
45.7581 	DATA 	Mouse:  Left button up, pos=(1033,627)
46.5057 	DATA 	Keypress: escape
46.6981 	EXP 	window1: mouseVisible = True
