6.5199 	WARNING 	Font Manager failed to load file C:\Users\HP\AppData\Local\Microsoft\Windows\Fonts\一定一定要先安装我再打开模板.TTF
6.7127 	WARNING 	Font Manager failed to load file C:\WINDOWS\Fonts\方正粗黑宋简体.ttf
6.8533 	WARNING 	Font Manager failed to load file C:\Windows\Fonts\方正粗黑宋简体.ttf
7.1034 	WARNING 	Font Manager failed to load file C:\Users\HP\AppData\Local\Microsoft\Windows\Fonts\一定一定要先安装我再打开模板.TTF
7.1620 	WARNING 	Font Manager failed to load file C:\WINDOWS\Fonts\方正粗黑宋简体.ttf
7.2431 	WARNING 	Font Manager failed to load file C:\Windows\Fonts\方正粗黑宋简体.ttf
16.4458 	WARNING 	User requested fullscreen with size [1707 1067], but screen is actually [2880, 1800]. Using actual size
17.8647 	EXP 	Created window1 = Window(allowGUI=False, allowStencil=False, autoLog=True, backendConf=UNKNOWN, bitsMode=UNKNOWN, blendMode='avg', bpc=(8, 8, 8), color=array([0, 0, 0]), colorSpace='rgb', depthBits=8, fullscr=<method-wrapper '__getattribute__' of attributeSetter object at 0x0000029C318F7978>, gamma=None, gammaErrorPolicy='raise', lms=UNKNOWN, monitor=<psychopy.monitors.calibTools.Monitor object at 0x0000029C3191AE10>, multiSample=False, name='window1', numSamples=2, pos=[0.0, 0.0], screen=0, size=array([2880, 1800]), stencilBits=0, stereo=False, units='height', useFBO=True, useRetina=False, viewOri=0.0, viewPos=None, viewScale=None, waitBlanking=True, winType='pyglet')
17.8670 	EXP 	window1: mouseVisible = True
17.8671 	EXP 	window1: recordFrameIntervals = False
17.9752 	EXP 	window1: recordFrameIntervals = True
18.1013 	WARNING 	t of last frame was 15.10ms (=1/66)
18.2208 	EXP 	window1: recordFrameIntervals = False
19.0099 	EXP 	Created instru_text = TextStim(__class__=<class 'psychopy.visual.text.TextStim'>, alignHoriz=method-wrapper(...), alignText='center', alignVert=method-wrapper(...), anchorHoriz='center', anchorVert='center', antialias=True, autoLog=True, bold=False, color=array([1., 1., 1.]), colorSpace='rgb', contrast=1.0, depth=0.0, flipHoriz=False, flipVert=False, font='Open Sans', fontFiles=[], height=0.1, italic=False, languageStyle='LTR', name='instru_text', opacity=1, ori=0.0, pos=array([0., 0.]), rgb=UNKNOWN, text='Any text\n\nincluding line breaks', units='height', win=Window(...), wrapWidth=1)
19.0580 	EXP 	Created fixation_text = TextStim(__class__=<class 'psychopy.visual.text.TextStim'>, alignHoriz=method-wrapper(...), alignText='center', alignVert=method-wrapper(...), anchorHoriz='center', anchorVert='center', antialias=True, autoLog=True, bold=False, color=array([1., 1., 1.]), colorSpace='rgb', contrast=1.0, depth=0.0, flipHoriz=False, flipVert=False, font='Open Sans', fontFiles=[], height=0.1, italic=False, languageStyle='LTR', name='fixation_text', opacity=1, ori=0.0, pos=array([0., 0.]), rgb=UNKNOWN, text='', units='height', win=Window(...), wrapWidth=1)
19.0713 	EXP 	Created image_t1 = ImageStim(__class__=<class 'psychopy.visual.image.ImageStim'>, autoLog=True, color=array([1., 1., 1.]), colorSpace='rgb', contrast=1.0, depth=-1.0, flipHoriz=False, flipVert=False, image='sin', interpolate=True, mask=None, maskParams=None, name='image_t1', opacity=1, ori=0.0, pos=array([0. , 0.1]), size=array([0.27, 0.37]), texRes=128.0, units='height', win=Window(...))
19.1451 	EXP 	Created slider_image = ImageStim(__class__=<class 'psychopy.visual.image.ImageStim'>, autoLog=True, color=array([1., 1., 1.]), colorSpace='rgb', contrast=1.0, depth=-3.0, flipHoriz=False, flipVert=False, image='slider.jpg', interpolate=True, mask=None, maskParams=None, name='slider_image', opacity=1, ori=0.0, pos=array([ 0.  , -0.37]), size=array([0.9, 0.1]), texRes=128.0, units='height', win=Window(...))
19.1908 	EXP 	Created confidence_T1_text = TextStim(__class__=<class 'psychopy.visual.text.TextStim'>, alignHoriz=method-wrapper(...), alignText='center', alignVert=method-wrapper(...), anchorHoriz='center', anchorVert='center', antialias=True, autoLog=True, bold=False, color=array([1., 1., 1.]), colorSpace='rgb', contrast=1.0, depth=0.0, flipHoriz=False, flipVert=False, font='Open Sans', fontFiles=[], height=0.1, italic=False, languageStyle='LTR', name='confidence_T1_text', opacity=1, ori=0.0, pos=array([0., 0.]), rgb=UNKNOWN, text='您对刚才的可信度评分有多确定？', units='height', win=Window(...), wrapWidth=1)
19.2420 	EXP 	Created slider_confidence_t1 = ImageStim(__class__=<class 'psychopy.visual.image.ImageStim'>, autoLog=True, color=array([1., 1., 1.]), colorSpace='rgb', contrast=1.0, depth=-2.0, flipHoriz=False, flipVert=False, image='slider.jpg', interpolate=True, mask=None, maskParams=None, name='slider_confidence_t1', opacity=1, ori=0.0, pos=array([ 0.  , -0.37]), size=array([0.9, 0.1]), texRes=128.0, units='height', win=Window(...))
19.2438 	EXP 	Created fixation_text = TextStim(__class__=<class 'psychopy.visual.text.TextStim'>, alignHoriz=method-wrapper(...), alignText='center', alignVert=method-wrapper(...), anchorHoriz='center', anchorVert='center', antialias=True, autoLog=True, bold=False, color=array([1., 1., 1.]), colorSpace='rgb', contrast=1.0, depth=0.0, flipHoriz=False, flipVert=False, font='Open Sans', fontFiles=[], height=0.1, italic=False, languageStyle='LTR', name='fixation_text', opacity=1, ori=0.0, pos=array([0., 0.]), rgb=UNKNOWN, text='', units='height', win=Window(...), wrapWidth=1)
19.2483 	EXP 	Created image_t2 = ImageStim(__class__=<class 'psychopy.visual.image.ImageStim'>, autoLog=True, color=array([1., 1., 1.]), colorSpace='rgb', contrast=1.0, depth=-1.0, flipHoriz=False, flipVert=False, image='sin', interpolate=True, mask=None, maskParams=None, name='image_t2', opacity=1, ori=0.0, pos=array([0. , 0.1]), size=array([0.27, 0.37]), texRes=128.0, units='height', win=Window(...))
19.3267 	EXP 	Created slider_image_t2 = ImageStim(__class__=<class 'psychopy.visual.image.ImageStim'>, autoLog=True, color=array([1., 1., 1.]), colorSpace='rgb', contrast=1.0, depth=-3.0, flipHoriz=False, flipVert=False, image='slider.jpg', interpolate=True, mask=None, maskParams=None, name='slider_image_t2', opacity=1, ori=0.0, pos=array([ 0.  , -0.37]), size=array([0.9, 0.1]), texRes=128.0, units='height', win=Window(...))
19.3348 	EXP 	Created confidence2_text = TextStim(__class__=<class 'psychopy.visual.text.TextStim'>, alignHoriz=method-wrapper(...), alignText='center', alignVert=method-wrapper(...), anchorHoriz='center', anchorVert='center', antialias=True, autoLog=True, bold=False, color=array([1., 1., 1.]), colorSpace='rgb', contrast=1.0, depth=0.0, flipHoriz=False, flipVert=False, font='Open Sans', fontFiles=[], height=0.1, italic=False, languageStyle='LTR', name='confidence2_text', opacity=1, ori=0.0, pos=array([0., 0.]), rgb=UNKNOWN, text='您对刚才的可信度评分有多确定？', units='height', win=Window(...), wrapWidth=1)
19.4387 	EXP 	Created slider_confidence_t2 = ImageStim(__class__=<class 'psychopy.visual.image.ImageStim'>, autoLog=True, color=array([1., 1., 1.]), colorSpace='rgb', contrast=1.0, depth=-2.0, flipHoriz=False, flipVert=False, image='slider.jpg', interpolate=True, mask=None, maskParams=None, name='slider_confidence_t2', opacity=1, ori=0.0, pos=array([ 0.  , -0.37]), size=array([0.9, 0.1]), texRes=128.0, units='height', win=Window(...))
19.5009 	EXP 	Created end_text = TextStim(__class__=<class 'psychopy.visual.text.TextStim'>, alignHoriz=method-wrapper(...), alignText='center', alignVert=method-wrapper(...), anchorHoriz='center', anchorVert='center', antialias=True, autoLog=True, bold=False, color=array([1., 1., 1.]), colorSpace='rgb', contrast=1.0, depth=0.0, flipHoriz=False, flipVert=False, font='Open Sans', fontFiles=[], height=0.1, italic=False, languageStyle='LTR', name='end_text', opacity=1, ori=0.0, pos=array([0., 0.]), rgb=UNKNOWN, text='感谢您参与本次研究！请按空格键退出。', units='height', win=Window(...), wrapWidth=1)
19.5426 	EXP 	instru_text: autoDraw = True
19.9294 	EXP 	Imported data\temp_trials_1.csv as conditions, 20 conditions, 6 params
19.9315 	EXP 	Created sequence: random, trialTypes=20, nReps=1, seed=None
19.9320 	EXP 	New trial (rep=0, index=0): OrderedDict([('condition', 1), ('gender', 'male'), ('high_trust_img', 'stimuli/0-6-11.jpg'), ('identity', 6), ('low_trust_img', 'stimuli/0-6-1.jpg'), ('range', 1.53125)])
19.9364 	DATA 	Keypress: space
19.9435 	EXP 	instru_text: autoDraw = False
19.9435 	EXP 	fixation_text: autoDraw = True
20.9349 	EXP 	fixation_text: autoDraw = False
20.9349 	EXP 	image_t1: image = 'stimuli/0-6-11.jpg'
20.9349 	EXP 	image_t1: autoDraw = True
20.9349 	EXP 	slider_image: autoDraw = True
21.4932 	DATA 	Keypress: 2
21.5013 	EXP 	image_t1: autoDraw = False
21.5013 	EXP 	slider_image: autoDraw = False
21.5013 	EXP 	confidence_T1_text: autoDraw = True
21.5013 	EXP 	slider_confidence_t1: autoDraw = True
22.8980 	DATA 	Keypress: 4
22.9128 	EXP 	confidence_T1_text: autoDraw = False
22.9128 	EXP 	slider_confidence_t1: autoDraw = False
22.9128 	EXP 	fixation_text: autoDraw = True
23.9615 	EXP 	fixation_text: autoDraw = False
23.9615 	EXP 	image_t2: image = 'stimuli/0-6-1.jpg'
23.9615 	EXP 	image_t2: autoDraw = True
23.9615 	EXP 	slider_image_t2: autoDraw = True
24.5028 	DATA 	Keypress: 3
24.5090 	EXP 	image_t2: autoDraw = False
24.5090 	EXP 	slider_image_t2: autoDraw = False
24.5090 	EXP 	confidence2_text: autoDraw = True
24.5090 	EXP 	slider_confidence_t2: autoDraw = True
25.5219 	EXP 	New trial (rep=0, index=1): OrderedDict([('condition', 2), ('gender', 'male'), ('high_trust_img', 'stimuli/0-18-9.jpg'), ('identity', 18), ('low_trust_img', 'stimuli/0-18-18.jpg'), ('range', 1.1875)])
25.5264 	DATA 	Keypress: 4
25.5316 	EXP 	confidence2_text: autoDraw = False
25.5316 	EXP 	slider_confidence_t2: autoDraw = False
25.5316 	EXP 	fixation_text: autoDraw = True
26.5885 	EXP 	fixation_text: autoDraw = False
26.5885 	EXP 	image_t1: image = 'stimuli/0-18-18.jpg'
26.5885 	EXP 	image_t1: autoDraw = True
26.5885 	EXP 	slider_image: autoDraw = True
27.0179 	DATA 	Keypress: 3
27.0388 	EXP 	image_t1: autoDraw = False
27.0388 	EXP 	slider_image: autoDraw = False
27.0388 	EXP 	confidence_T1_text: autoDraw = True
27.0388 	EXP 	slider_confidence_t1: autoDraw = True
27.7781 	DATA 	Keypress: 4
27.7942 	EXP 	confidence_T1_text: autoDraw = False
27.7942 	EXP 	slider_confidence_t1: autoDraw = False
27.7942 	EXP 	fixation_text: autoDraw = True
28.8450 	EXP 	fixation_text: autoDraw = False
28.8450 	EXP 	fixation_text: autoDraw = False
28.8450 	EXP 	image_t2: image = 'stimuli/0-18-9.jpg'
28.8450 	EXP 	image_t2: autoDraw = True
28.8450 	EXP 	slider_image_t2: autoDraw = True
33.3761 	DATA 	Keypress: 1
33.3803 	EXP 	image_t2: autoDraw = False
33.3803 	EXP 	slider_image_t2: autoDraw = False
33.3803 	EXP 	confidence2_text: autoDraw = True
33.3803 	EXP 	slider_confidence_t2: autoDraw = True
34.7005 	EXP 	New trial (rep=0, index=2): OrderedDict([('condition', 2), ('gender', 'female'), ('high_trust_img', 'stimuli/1-4-13.jpg'), ('identity', 4), ('low_trust_img', 'stimuli/1-4-6.jpg'), ('range', 2.0)])
34.7040 	DATA 	Keypress: 2
34.7091 	EXP 	confidence2_text: autoDraw = False
34.7091 	EXP 	slider_confidence_t2: autoDraw = False
34.7091 	EXP 	fixation_text: autoDraw = True
35.7529 	EXP 	fixation_text: autoDraw = False
35.7529 	EXP 	fixation_text: autoDraw = False
35.7529 	EXP 	image_t1: image = 'stimuli/1-4-6.jpg'
35.7529 	EXP 	image_t1: autoDraw = True
35.7529 	EXP 	slider_image: autoDraw = True
36.1547 	DATA 	Keypress: 3
36.1592 	EXP 	image_t1: autoDraw = False
36.1592 	EXP 	slider_image: autoDraw = False
36.1592 	EXP 	confidence_T1_text: autoDraw = True
36.1592 	EXP 	slider_confidence_t1: autoDraw = True
36.9424 	DATA 	Keypress: 4
36.9596 	EXP 	confidence_T1_text: autoDraw = False
36.9596 	EXP 	slider_confidence_t1: autoDraw = False
36.9596 	EXP 	fixation_text: autoDraw = True
37.9778 	EXP 	fixation_text: autoDraw = False
37.9778 	EXP 	image_t2: image = 'stimuli/1-4-13.jpg'
37.9778 	EXP 	image_t2: autoDraw = True
37.9778 	EXP 	slider_image_t2: autoDraw = True
38.7050 	DATA 	Keypress: 5
38.7244 	EXP 	image_t2: autoDraw = False
38.7244 	EXP 	slider_image_t2: autoDraw = False
38.7244 	EXP 	confidence2_text: autoDraw = True
38.7244 	EXP 	slider_confidence_t2: autoDraw = True
39.5391 	EXP 	New trial (rep=0, index=3): OrderedDict([('condition', 1), ('gender', 'female'), ('high_trust_img', 'stimuli/1-8-11.jpg'), ('identity', 8), ('low_trust_img', 'stimuli/1-8-15.jpg'), ('range', 1.375)])
39.5432 	DATA 	Keypress: 6
39.5472 	EXP 	confidence2_text: autoDraw = False
39.5472 	EXP 	slider_confidence_t2: autoDraw = False
39.5472 	EXP 	fixation_text: autoDraw = True
40.6195 	EXP 	fixation_text: autoDraw = False
40.6195 	EXP 	image_t1: image = 'stimuli/1-8-11.jpg'
40.6195 	EXP 	image_t1: autoDraw = True
40.6195 	EXP 	slider_image: autoDraw = True
42.9775 	DATA 	Keypress: 7
42.9818 	EXP 	image_t1: autoDraw = False
42.9818 	EXP 	slider_image: autoDraw = False
42.9818 	EXP 	confidence_T1_text: autoDraw = True
42.9818 	EXP 	slider_confidence_t1: autoDraw = True
43.4955 	DATA 	Keypress: 8
43.5104 	EXP 	confidence_T1_text: autoDraw = False
43.5104 	EXP 	slider_confidence_t1: autoDraw = False
43.5104 	EXP 	fixation_text: autoDraw = True
44.5330 	EXP 	fixation_text: autoDraw = False
44.5330 	EXP 	image_t2: image = 'stimuli/1-8-15.jpg'
44.5330 	EXP 	image_t2: autoDraw = True
44.5330 	EXP 	slider_image_t2: autoDraw = True
45.4207 	DATA 	Keypress: 8
45.4253 	EXP 	image_t2: autoDraw = False
45.4253 	EXP 	slider_image_t2: autoDraw = False
45.4253 	EXP 	confidence2_text: autoDraw = True
45.4253 	EXP 	slider_confidence_t2: autoDraw = True
45.9212 	EXP 	New trial (rep=0, index=4): OrderedDict([('condition', 1), ('gender', 'male'), ('high_trust_img', 'stimuli/0-26-12.jpg'), ('identity', 26), ('low_trust_img', 'stimuli/0-26-3.jpg'), ('range', 1.59375)])
45.9272 	DATA 	Keypress: 9
45.9331 	EXP 	confidence2_text: autoDraw = False
45.9331 	EXP 	slider_confidence_t2: autoDraw = False
45.9331 	EXP 	fixation_text: autoDraw = True
46.9911 	EXP 	fixation_text: autoDraw = False
46.9911 	EXP 	image_t1: image = 'stimuli/0-26-12.jpg'
46.9911 	EXP 	image_t1: autoDraw = True
46.9911 	EXP 	slider_image: autoDraw = True
48.1130 	DATA 	Keypress: escape
48.3267 	EXP 	window1: mouseVisible = True
