4.6349 	WARNING 	Font Manager failed to load file C:\WINDOWS\Fonts\方正粗黑宋简体.ttf
4.7127 	WARNING 	Font Manager failed to load file C:\Windows\Fonts\方正粗黑宋简体.ttf
4.7598 	WARNING 	Font Manager failed to load file C:\Users\HP\AppData\Local\Microsoft\Windows\Fonts\一定一定要先安装我再打开模板.TTF
5.0453 	WARNING 	Font Manager failed to load file C:\WINDOWS\Fonts\方正粗黑宋简体.ttf
5.1282 	WARNING 	Font Manager failed to load file C:\Windows\Fonts\方正粗黑宋简体.ttf
5.1773 	WARNING 	Font Manager failed to load file C:\Users\HP\AppData\Local\Microsoft\Windows\Fonts\一定一定要先安装我再打开模板.TTF
18.6314 	WARNING 	User requested fullscreen with size [1707 1067], but screen is actually [2880, 1800]. Using actual size
19.5077 	EXP 	Created window1 = Window(allowGUI=False, allowStencil=False, autoLog=True, backendConf=UNKNOWN, bitsMode=UNKNOWN, blendMode='avg', bpc=(8, 8, 8), color=array([0, 0, 0]), colorSpace='rgb', depthBits=8, fullscr=<method-wrapper '__getattribute__' of attributeSetter object at 0x000001E9BA3A6978>, gamma=None, gammaErrorPolicy='raise', lms=UNKNOWN, monitor=<psychopy.monitors.calibTools.Monitor object at 0x000001E9BA3CAE10>, multiSample=False, name='window1', numSamples=2, pos=[0.0, 0.0], screen=0, size=array([2880, 1800]), stencilBits=0, stereo=False, units='height', useFBO=True, useRetina=False, viewOri=0.0, viewPos=None, viewScale=None, waitBlanking=True, winType='pyglet')
19.5098 	EXP 	window1: mouseVisible = True
19.5098 	EXP 	window1: recordFrameIntervals = False
19.6184 	EXP 	window1: recordFrameIntervals = True
19.7210 	WARNING 	t of last frame was 14.22ms (=1/70)
19.8295 	EXP 	window1: recordFrameIntervals = False
20.5214 	EXP 	Created instru_text = TextStim(__class__=<class 'psychopy.visual.text.TextStim'>, alignHoriz=method-wrapper(...), alignText='center', alignVert=method-wrapper(...), anchorHoriz='center', anchorVert='center', antialias=True, autoLog=True, bold=False, color=array([1., 1., 1.]), colorSpace='rgb', contrast=1.0, depth=0.0, flipHoriz=False, flipVert=False, font='Open Sans', fontFiles=[], height=0.1, italic=False, languageStyle='LTR', name='instru_text', opacity=1, ori=0.0, pos=array([0., 0.]), rgb=UNKNOWN, text='Any text\n\nincluding line breaks', units='height', win=Window(...), wrapWidth=1)
20.5520 	EXP 	Created fixation_text = TextStim(__class__=<class 'psychopy.visual.text.TextStim'>, alignHoriz=method-wrapper(...), alignText='center', alignVert=method-wrapper(...), anchorHoriz='center', anchorVert='center', antialias=True, autoLog=True, bold=False, color=array([1., 1., 1.]), colorSpace='rgb', contrast=1.0, depth=0.0, flipHoriz=False, flipVert=False, font='Open Sans', fontFiles=[], height=0.1, italic=False, languageStyle='LTR', name='fixation_text', opacity=1, ori=0.0, pos=array([0., 0.]), rgb=UNKNOWN, text='', units='height', win=Window(...), wrapWidth=1)
20.5572 	EXP 	Created image_t1 = ImageStim(__class__=<class 'psychopy.visual.image.ImageStim'>, autoLog=True, color=array([1., 1., 1.]), colorSpace='rgb', contrast=1.0, depth=-1.0, flipHoriz=False, flipVert=False, image='sin', interpolate=True, mask=None, maskParams=None, name='image_t1', opacity=1, ori=0.0, pos=array([0. , 0.1]), size=array([0.27, 0.37]), texRes=128.0, units='height', win=Window(...))
20.6002 	EXP 	Created slider_image = ImageStim(__class__=<class 'psychopy.visual.image.ImageStim'>, autoLog=True, color=array([1., 1., 1.]), colorSpace='rgb', contrast=1.0, depth=-3.0, flipHoriz=False, flipVert=False, image='slider.jpg', interpolate=True, mask=None, maskParams=None, name='slider_image', opacity=1, ori=0.0, pos=array([ 0.  , -0.37]), size=array([0.9, 0.1]), texRes=128.0, units='height', win=Window(...))
20.6390 	EXP 	Created confidence_T1_text = TextStim(__class__=<class 'psychopy.visual.text.TextStim'>, alignHoriz=method-wrapper(...), alignText='center', alignVert=method-wrapper(...), anchorHoriz='center', anchorVert='center', antialias=True, autoLog=True, bold=False, color=array([1., 1., 1.]), colorSpace='rgb', contrast=1.0, depth=0.0, flipHoriz=False, flipVert=False, font='Open Sans', fontFiles=[], height=0.1, italic=False, languageStyle='LTR', name='confidence_T1_text', opacity=1, ori=0.0, pos=array([0., 0.]), rgb=UNKNOWN, text='您对刚才的可信度评分有多确定？', units='height', win=Window(...), wrapWidth=1)
20.6839 	EXP 	Created slider_confidence_t1 = ImageStim(__class__=<class 'psychopy.visual.image.ImageStim'>, autoLog=True, color=array([1., 1., 1.]), colorSpace='rgb', contrast=1.0, depth=-2.0, flipHoriz=False, flipVert=False, image='slider.jpg', interpolate=True, mask=None, maskParams=None, name='slider_confidence_t1', opacity=1, ori=0.0, pos=array([ 0.  , -0.37]), size=array([0.9, 0.1]), texRes=128.0, units='height', win=Window(...))
20.6858 	EXP 	Created fixation_text = TextStim(__class__=<class 'psychopy.visual.text.TextStim'>, alignHoriz=method-wrapper(...), alignText='center', alignVert=method-wrapper(...), anchorHoriz='center', anchorVert='center', antialias=True, autoLog=True, bold=False, color=array([1., 1., 1.]), colorSpace='rgb', contrast=1.0, depth=0.0, flipHoriz=False, flipVert=False, font='Open Sans', fontFiles=[], height=0.1, italic=False, languageStyle='LTR', name='fixation_text', opacity=1, ori=0.0, pos=array([0., 0.]), rgb=UNKNOWN, text='', units='height', win=Window(...), wrapWidth=1)
20.6903 	EXP 	Created image_t2 = ImageStim(__class__=<class 'psychopy.visual.image.ImageStim'>, autoLog=True, color=array([1., 1., 1.]), colorSpace='rgb', contrast=1.0, depth=-1.0, flipHoriz=False, flipVert=False, image='sin', interpolate=True, mask=None, maskParams=None, name='image_t2', opacity=1, ori=0.0, pos=array([0. , 0.1]), size=array([0.27, 0.37]), texRes=128.0, units='height', win=Window(...))
20.7388 	EXP 	Created slider_image_t2 = ImageStim(__class__=<class 'psychopy.visual.image.ImageStim'>, autoLog=True, color=array([1., 1., 1.]), colorSpace='rgb', contrast=1.0, depth=-3.0, flipHoriz=False, flipVert=False, image='slider.jpg', interpolate=True, mask=None, maskParams=None, name='slider_image_t2', opacity=1, ori=0.0, pos=array([ 0.  , -0.37]), size=array([0.9, 0.1]), texRes=128.0, units='height', win=Window(...))
20.7482 	EXP 	Created confidence2_text = TextStim(__class__=<class 'psychopy.visual.text.TextStim'>, alignHoriz=method-wrapper(...), alignText='center', alignVert=method-wrapper(...), anchorHoriz='center', anchorVert='center', antialias=True, autoLog=True, bold=False, color=array([1., 1., 1.]), colorSpace='rgb', contrast=1.0, depth=0.0, flipHoriz=False, flipVert=False, font='Open Sans', fontFiles=[], height=0.1, italic=False, languageStyle='LTR', name='confidence2_text', opacity=1, ori=0.0, pos=array([0., 0.]), rgb=UNKNOWN, text='您对刚才的可信度评分有多确定？', units='height', win=Window(...), wrapWidth=1)
20.8009 	EXP 	Created slider_confidence_t2 = ImageStim(__class__=<class 'psychopy.visual.image.ImageStim'>, autoLog=True, color=array([1., 1., 1.]), colorSpace='rgb', contrast=1.0, depth=-2.0, flipHoriz=False, flipVert=False, image='slider.jpg', interpolate=True, mask=None, maskParams=None, name='slider_confidence_t2', opacity=1, ori=0.0, pos=array([ 0.  , -0.37]), size=array([0.9, 0.1]), texRes=128.0, units='height', win=Window(...))
20.8521 	EXP 	Created end_text = TextStim(__class__=<class 'psychopy.visual.text.TextStim'>, alignHoriz=method-wrapper(...), alignText='center', alignVert=method-wrapper(...), anchorHoriz='center', anchorVert='center', antialias=True, autoLog=True, bold=False, color=array([1., 1., 1.]), colorSpace='rgb', contrast=1.0, depth=0.0, flipHoriz=False, flipVert=False, font='Open Sans', fontFiles=[], height=0.1, italic=False, languageStyle='LTR', name='end_text', opacity=1, ori=0.0, pos=array([0., 0.]), rgb=UNKNOWN, text='感谢您参与本次研究！请按空格键退出。', units='height', win=Window(...), wrapWidth=1)
20.8863 	EXP 	instru_text: autoDraw = True
22.8836 	DATA 	Keypress: space
22.9121 	EXP 	Imported data\temp_trials_1.csv as conditions, 20 conditions, 6 params
22.9127 	EXP 	Created sequence: random, trialTypes=20, nReps=1, seed=None
22.9131 	EXP 	New trial (rep=0, index=0): OrderedDict([('condition', 1), ('gender', 'male'), ('high_trust_img', 'stimuli/0-6-11.jpg'), ('identity', 6), ('low_trust_img', 'stimuli/0-6-1.jpg'), ('range', 1.53125)])
22.9213 	EXP 	instru_text: autoDraw = False
22.9213 	EXP 	fixation_text: autoDraw = True
23.9302 	EXP 	fixation_text: autoDraw = False
23.9302 	EXP 	image_t1: image = 'stimuli/0-6-11.jpg'
23.9302 	EXP 	image_t1: autoDraw = True
23.9302 	EXP 	slider_image: autoDraw = True
24.4270 	DATA 	Keypress: 7
24.4499 	EXP 	image_t1: autoDraw = False
24.4499 	EXP 	slider_image: autoDraw = False
24.4499 	EXP 	confidence_T1_text: autoDraw = True
24.4499 	EXP 	slider_confidence_t1: autoDraw = True
25.6444 	EXP 	window1: mouseVisible = True
